<?xml version="1.0" encoding="UTF-8"?>
<testng-results skipped="0" failed="0" ignored="0" total="1" passed="1">
  <reporter-output>
  </reporter-output>
  <suite name="BDD Test Suite" duration-ms="11953" started-at="2021-06-13T16:19:35 ART" finished-at="2021-06-13T16:19:47 ART">
    <groups>
      <group name="cucumber">
        <method signature="AbstractTestNGCucumberTests.feature(cucumber.api.testng.CucumberFeatureWrapper)[pri:0, instance:testRunner.ExecuteSanityTest@31a5c39e]" name="feature" class="cucumber.api.testng.AbstractTestNGCucumberTests"/>
      </group> <!-- cucumber -->
    </groups>
    <test name="Execute function test" duration-ms="11953" started-at="2021-06-13T16:19:35 ART" finished-at="2021-06-13T16:19:47 ART">
      <class name="testRunner.ExecuteSanityTest">
        <test-method status="PASS" signature="setUpClass()[pri:0, instance:testRunner.ExecuteSanityTest@31a5c39e]" name="setUpClass" is-config="true" duration-ms="344" started-at="2021-06-13T16:19:35 ART" finished-at="2021-06-13T16:19:36 ART">
          <reporter-output>
          </reporter-output>
        </test-method> <!-- setUpClass -->
        <test-method status="PASS" signature="feature(cucumber.api.testng.CucumberFeatureWrapper)[pri:0, instance:testRunner.ExecuteSanityTest@31a5c39e]" name="feature" duration-ms="11408" started-at="2021-06-13T16:19:36 ART" description="Runs Cucumber Feature" data-provider="features" finished-at="2021-06-13T16:19:47 ART">
          <params>
            <param index="0">
              <value>
                <![CDATA[User Management]]>
              </value>
            </param>
          </params>
          <reporter-output>
          </reporter-output>
        </test-method> <!-- feature -->
        <test-method status="PASS" signature="tearDownClass()[pri:0, instance:testRunner.ExecuteSanityTest@31a5c39e]" name="tearDownClass" is-config="true" duration-ms="37" started-at="2021-06-13T16:19:47 ART" finished-at="2021-06-13T16:19:47 ART">
          <reporter-output>
          </reporter-output>
        </test-method> <!-- tearDownClass -->
      </class> <!-- testRunner.ExecuteSanityTest -->
    </test> <!-- Execute function test -->
  </suite> <!-- BDD Test Suite -->
</testng-results>
